#
# There is insufficient memory for the Java Runtime Environment to continue.
# Native memory allocation (malloc) failed to allocate 1048576 bytes for AllocateHeap
# Possible reasons:
#   The system is out of physical RAM or swap space
#   The process is running with CompressedOops enabled, and the Java Heap may be blocking the growth of the native heap
# Possible solutions:
#   Reduce memory load on the system
#   Increase physical memory or swap space
#   Check if swap backing store is full
#   Decrease Java heap size (-Xmx/-Xms)
#   Decrease number of Java threads
#   Decrease Java thread stack sizes (-Xss)
#   Set larger code cache with -XX:ReservedCodeCacheSize=
#   JVM is running with Unscaled Compressed Oops mode in which the Java heap is
#     placed in the first 4GB address space. The Java Heap base address is the
#     maximum limit for the native heap growth. Please use -XX:HeapBaseMinAddress
#     to set the Java Heap base and to place the Java Heap above 4GB virtual address.
# This output file may be truncated or incomplete.
#
#  Out of Memory Error (memory/allocation.inline.hpp:61), pid=3696, tid=0x000000000000240c
#
# JRE version:  (8.0_231-b11) (build )
# Java VM: Java HotSpot(TM) 64-Bit Server VM (25.231-b11 mixed mode windows-amd64 compressed oops)
# Failed to write core dump. Minidumps are not enabled by default on client versions of Windows
#

---------------  T H R E A D  ---------------

Current thread (0x0000000002acd800):  JavaThread "Unknown thread" [_thread_in_vm, id=9228, stack(0x0000000002ad0000,0x0000000002bd0000)]

Stack: [0x0000000002ad0000,0x0000000002bd0000]
[error occurred during error reporting (printing stack bounds), id 0xc0000005]

Native frames: (J=compiled Java code, j=interpreted, Vv=VM code, C=native code)


---------------  P R O C E S S  ---------------

Java Threads: ( => current thread )

Other Threads:

=>0x0000000002acd800 (exited) JavaThread "Unknown thread" [_thread_in_vm, id=9228, stack(0x0000000002ad0000,0x0000000002bd0000)]

VM state:not at safepoint (normal execution)

VM Mutex/Monitor currently owned by a thread: None

heap address: 0x0000000087200000, size: 1934 MB, Compressed Oops mode: 32-bit
Narrow klass base: 0x0000000000000000, Narrow klass shift: 3
Compressed class space size: 1073741824 Address: 0x0000000100000000

Heap:
 PSYoungGen      total 36352K, used 624K [0x00000000d7b80000, 0x00000000da400000, 0x0000000100000000)
  eden space 31232K, 2% used [0x00000000d7b80000,0x00000000d7c1c298,0x00000000d9a00000)
  from space 5120K, 0% used [0x00000000d9f00000,0x00000000d9f00000,0x00000000da400000)
  to   space 5120K, 0% used [0x00000000d9a00000,0x00000000d9a00000,0x00000000d9f00000)
 ParOldGen       total 83456K, used 0K [0x0000000087200000, 0x000000008c380000, 0x00000000d7b80000)
  object space 83456K, 0% used [0x0000000087200000,0x0000000087200000,0x000000008c380000)
 Metaspace       used 752K, capacity 4480K, committed 4480K, reserved 1056768K
  class space    used 76K, capacity 384K, committed 384K, reserved 1048576K

Card table byte_map: [0x0000000012090000,0x0000000012460000] byte_map_base: 0x0000000011c57000

Marking Bits: (ParMarkBitMap*) 0x000000005d146d90
 Begin Bits: [0x0000000012ef0000, 0x0000000014d28000)
 End Bits:   [0x0000000014d28000, 0x0000000016b60000)

Polling page: 0x00000000013a0000

CodeCache: size=245760Kb used=327Kb max_used=327Kb free=245432Kb
 bounds [0x0000000002cd0000, 0x0000000002f40000, 0x0000000011cd0000]
 total_blobs=57 nmethods=0 adapters=38
 compilation: enabled

Compilation events (0 events):
No events

GC Heap History (0 events):
No events

Deoptimization events (0 events):
No events

Classes redefined (0 events):
No events

Internal exceptions (0 events):
No events

Events (10 events):
Event: 0.057 loading class java/lang/Short
Event: 0.057 loading class java/lang/Short done
Event: 0.057 loading class java/lang/Integer
Event: 0.057 loading class java/lang/Integer done
Event: 0.057 loading class java/lang/Long
Event: 0.058 loading class java/lang/Long done
Event: 0.058 loading class java/lang/NullPointerException
Event: 0.058 loading class java/lang/NullPointerException done
Event: 0.058 loading class java/lang/ArithmeticException
Event: 0.058 loading class java/lang/ArithmeticException done


Dynamic libraries:
0x00007ff760f70000 - 0x00007ff760fa7000 	C:\Program Files\Java\jre1.8.0_231\bin\javaw.exe
0x00007ff8699e0000 - 0x00007ff869bcd000 	C:\Windows\SYSTEM32\ntdll.dll
0x00007ff830930000 - 0x00007ff830944000 	C:\Program Files\AVAST Software\Avast\aswhook.dll
0x00007ff8698f0000 - 0x00007ff8699a3000 	C:\Windows\System32\KERNEL32.DLL
0x00007ff8667b0000 - 0x00007ff866a43000 	C:\Windows\System32\KERNELBASE.dll
0x00007ff868fe0000 - 0x00007ff869083000 	C:\Windows\System32\ADVAPI32.dll
0x00007ff868860000 - 0x00007ff8688fe000 	C:\Windows\System32\msvcrt.dll
0x00007ff8689d0000 - 0x00007ff868a6e000 	C:\Windows\System32\sechost.dll
0x00007ff8691f0000 - 0x00007ff869312000 	C:\Windows\System32\RPCRT4.dll
0x00007ff869750000 - 0x00007ff8698e7000 	C:\Windows\System32\USER32.dll
0x00007ff865aa0000 - 0x00007ff865ac0000 	C:\Windows\System32\win32u.dll
0x00007ff866c00000 - 0x00007ff866c29000 	C:\Windows\System32\GDI32.dll
0x00007ff865b60000 - 0x00007ff865cf9000 	C:\Windows\System32\gdi32full.dll
0x00007ff865ac0000 - 0x00007ff865b60000 	C:\Windows\System32\msvcp_win.dll
0x00007ff866a50000 - 0x00007ff866b4a000 	C:\Windows\System32\ucrtbase.dll
0x00007ff850b70000 - 0x00007ff850de9000 	C:\Windows\WinSxS\amd64_microsoft.windows.common-controls_6595b64144ccf1df_6.0.17763.802_none_05b1445c0722d2cc\COMCTL32.dll
0x00007ff869350000 - 0x00007ff86967c000 	C:\Windows\System32\combase.dll
0x00007ff866730000 - 0x00007ff8667ae000 	C:\Windows\System32\bcryptPrimitives.dll
0x00007ff869320000 - 0x00007ff86934e000 	C:\Windows\System32\IMM32.DLL
0x000000005c840000 - 0x000000005c912000 	C:\Program Files\Java\jre1.8.0_231\bin\msvcr100.dll
0x000000005c920000 - 0x000000005d1c6000 	C:\Program Files\Java\jre1.8.0_231\bin\server\jvm.dll
0x00007ff868b40000 - 0x00007ff868b48000 	C:\Windows\System32\PSAPI.DLL
0x00007ff8593a0000 - 0x00007ff8593a9000 	C:\Windows\SYSTEM32\WSOCK32.dll
0x00007ff868960000 - 0x00007ff8689cd000 	C:\Windows\System32\WS2_32.dll
0x00007ff863d90000 - 0x00007ff863db4000 	C:\Windows\SYSTEM32\WINMM.dll
0x00007ff861190000 - 0x00007ff86119a000 	C:\Windows\SYSTEM32\VERSION.dll
0x00007ff863b60000 - 0x00007ff863b8d000 	C:\Windows\SYSTEM32\WINMMBASE.dll
0x00007ff866500000 - 0x00007ff86654a000 	C:\Windows\System32\cfgmgr32.dll
0x00007ff85efb0000 - 0x00007ff85efbf000 	C:\Program Files\Java\jre1.8.0_231\bin\verify.dll
0x00007ff858120000 - 0x00007ff858149000 	C:\Program Files\Java\jre1.8.0_231\bin\java.dll
0x00007ff85a3b0000 - 0x00007ff85a3c6000 	C:\Program Files\Java\jre1.8.0_231\bin\zip.dll

VM Arguments:
jvm_args: -ea -Dfile.encoding=Cp1252 
java_command: GUI
java_class_path (initial): C:\Users\cudri\eclipse-workspace\X si 0\bin
Launcher Type: SUN_STANDARD

Environment Variables:
JAVA_HOME=C:\Program Files\Java\jdk1.8.0_231
PATH=C:/Program Files/Java/jre1.8.0_231/bin/server;C:/Program Files/Java/jre1.8.0_231/bin;C:/Program Files/Java/jre1.8.0_231/lib/amd64;C:\Program Files (x86)\Common Files\Oracle\Java\javapath;C:\Windows\system32;C:\Windows;C:\Windows\System32\Wbem;C:\Windows\System32\WindowsPowerShell\v1.0\;C:\Windows\System32\OpenSSH\;C:\Aldec\Active-HDL-Student-Edition\bin;C:\Program Files\Git\cmd;C:\Program Files\TortoiseGit\bin;C:\Users\cudri\AppData\Local\Microsoft\WindowsApps;C:\Program Files\Java\jdk1.8.0_231\bin;C:\Users\cudri\Desktop;
USERNAME=cudri
OS=Windows_NT
PROCESSOR_IDENTIFIER=AMD64 Family 23 Model 17 Stepping 0, AuthenticAMD



---------------  S Y S T E M  ---------------

OS: Windows 10.0 , 64 bit Build 17763 (10.0.17763.475)

CPU:total 8 (initial active 8) (8 cores per cpu, 1 threads per core) family 23 model 17 stepping 0, cmov, cx8, fxsr, mmx, sse, sse2, sse3, ssse3, sse4.1, sse4.2, popcnt, avx, avx2, aes, clmul, mmxext, 3dnowpref, lzcnt, sse4a, tsc, tscinvbit, tscinv, bmi1

Memory: 4k page, physical 7919092k(427140k free), swap 14393968k(5632k free)

vm_info: Java HotSpot(TM) 64-Bit Server VM (25.231-b11) for windows-amd64 JRE (1.8.0_231-b11), built on Oct  5 2019 03:11:30 by "java_re" with MS VC++ 10.0 (VS2010)

time: Fri Nov 15 22:37:08 2019
timezone: GTB Standard Time
elapsed time: 0 seconds (0d 0h 0m 0s)

